<?xml version="1.0" encoding="utf-8"?><testsuites name="pytest tests"><testsuite name="pytest" errors="0" failures="0" skipped="0" tests="8" time="0.847" timestamp="2026-04-23T02:38:30.839144+00:00" hostname="agent-env-52c9d055-d863-45ab-9da3-2a1eccafbbc5"><testcase classname="backend.tests.test_djlab_api.TestRoot" name="test_root_returns_app_info" time="0.212" /><testcase classname="backend.tests.test_djlab_api.TestTracks" name="test_list_tracks_returns_demo" time="0.053" /><testcase classname="backend.tests.test_djlab_api.TestTracks" name="test_list_tracks_source_demo_filter" time="0.059" /><testcase classname="backend.tests.test_djlab_api.TestTrackUrl" name="test_track_url_demo_returns_soundhelix" time="0.052" /><testcase classname="backend.tests.test_djlab_api.TestTrackUrl" name="test_track_url_missing_key_returns_503_or_500" time="0.065" /><testcase classname="backend.tests.test_djlab_api.TestTrackUrl" name="test_track_url_missing_param" time="0.057" /><testcase classname="backend.tests.test_djlab_api.TestMixes" name="test_create_and_list_mix_persists" time="0.142" /><testcase classname="backend.tests.test_djlab_api.TestMixes" name="test_create_mix_validation_error" time="0.049" /></testsuite></testsuites>